<?xml version="1.0" encoding="UTF-8"?>
<testsuite name="org.muellners.finscale.contracts.generated.contracts.HelloWorldTest" tests="2" skipped="0" failures="0" errors="0" timestamp="2021-02-05T17:21:10" hostname="localhost.localdomain" time="0.547">
  <properties/>
  <testcase name="greeting()" classname="org.muellners.finscale.contracts.generated.contracts.HelloWorldTest" time="0.36"/>
  <testcase name="newGreeting()" classname="org.muellners.finscale.contracts.generated.contracts.HelloWorldTest" time="0.186"/>
  <system-out><![CDATA[22:51:09.549 [Test worker] INFO org.hyperledger.besu.ethereum.mainnet.ProtocolScheduleBuilder - Protocol schedule created with milestones: [ConstantinopleFix: 0]
22:51:09.685 [Test worker] INFO org.web3j.evm.EmbeddedEthereum - Starting with root: 0x896a24c0a23b63abdae2dbdd4788f2c91271f0cc8dd6491e37e02327a1a20491
22:51:10.806 [Test worker] INFO org.web3j.evm.EmbeddedEthereum - Ending with root: 0x2726a9a82e7ad54d4eccfbb2b0869022a6e371fba65ba86952afaca14a566a09
22:51:11.206 [Test worker] INFO org.web3j.evm.EmbeddedEthereum - Starting with root: 0x2726a9a82e7ad54d4eccfbb2b0869022a6e371fba65ba86952afaca14a566a09
22:51:11.371 [Test worker] INFO org.web3j.evm.EmbeddedEthereum - Ending with root: 0x3cf253434566b5f6596cf705737bd3a424a044730480ccbcef42b04a998bcba0
]]></system-out>
  <system-err><![CDATA[]]></system-err>
</testsuite>
